data/external\.git\config
data/external\.git\description
data/external\.git\HEAD
data/external\.git\hooks\applypatch-msg.sample
data/external\.git\hooks\commit-msg.sample
data/external\.git\hooks\fsmonitor-watchman.sample
data/external\.git\hooks\post-update.sample
data/external\.git\hooks\pre-applypatch.sample
data/external\.git\hooks\pre-commit.sample
data/external\.git\hooks\pre-merge-commit.sample
data/external\.git\hooks\pre-push.sample
data/external\.git\hooks\pre-rebase.sample
data/external\.git\hooks\pre-receive.sample
data/external\.git\hooks\prepare-commit-msg.sample
data/external\.git\hooks\push-to-checkout.sample
data/external\.git\hooks\update.sample
data/external\.git\info\exclude
data/external\cycling\dataset14.csv
data/external\cycling\dataset9.csv
data/external\bending2\dataset4.csv
