2022-07-09 14:23:38,351~INFO~85 files were successfully validated!
2022-07-09 14:23:38,352~INFO~20 files failed validation tests and will not proceed further!
2022-07-09 14:23:38,833~INFO~85 files were saved as interim data!
2022-07-09 14:24:42,781~INFO~Saved the master raw dataset!
2022-07-09 14:25:09,574~INFO~Saved the master raw dataset!
2022-07-09 14:25:11,422~INFO~85 files were successfully validated!
2022-07-09 14:25:11,422~INFO~20 files failed validation tests and will not proceed further!
2022-07-09 14:25:11,755~INFO~85 files were saved as interim data!
2022-07-09 14:26:54,994~INFO~Saved the master raw dataset!
2022-07-09 14:34:15,304~INFO~85 files were successfully validated!
2022-07-09 14:34:15,305~INFO~20 files failed validation tests and will not proceed further!
2022-07-09 14:34:15,731~INFO~85 files were saved as interim data!
2022-07-09 14:34:15,750~INFO~Processing the interim datasets....
2022-07-09 14:34:16,648~INFO~Created the master raw dataset!
2022-07-09 14:40:04,258~INFO~85 files were successfully validated!
2022-07-09 14:40:04,258~INFO~20 files failed validation tests and will not proceed further!
2022-07-09 14:40:04,606~INFO~Created the master raw dataset!
2022-07-09 14:42:39,831~INFO~85 files were successfully validated!
2022-07-09 14:42:39,831~INFO~20 files failed validation tests and will not proceed further!
2022-07-09 14:42:40,168~INFO~Created the master raw dataset!
2022-07-09 14:43:07,113~INFO~85 files were successfully validated!
2022-07-09 14:43:07,113~INFO~20 files failed validation tests and will not proceed further!
2022-07-09 14:43:07,461~INFO~Created the master raw dataset!
2022-07-09 14:44:15,581~INFO~85 files were successfully validated!
2022-07-09 14:44:15,581~INFO~20 files failed validation tests and will not proceed further!
2022-07-09 14:44:15,915~INFO~Created the master raw dataset!
2022-07-09 14:56:21,334~INFO~85 files were successfully validated!
2022-07-09 14:56:21,334~INFO~20 files failed validation tests and will not proceed further!
2022-07-09 14:56:21,669~INFO~Created the master raw dataset!
2022-07-09 14:58:45,019~INFO~85 files were successfully validated!
2022-07-09 14:58:45,019~INFO~20 files failed validation tests and will not proceed further!
2022-07-09 14:58:45,359~INFO~Created the master raw dataset!
2022-07-09 15:10:02,897~INFO~85 files were successfully validated!
2022-07-09 15:10:02,898~INFO~20 files failed validation tests and will not proceed further!
2022-07-09 15:10:03,240~INFO~Created the master raw dataset!
2022-07-09 17:38:41,051~INFO~Removed irrelevant columns!
2022-07-09 17:38:41,057~INFO~Dumped label encoder pickle file!
2022-07-09 17:38:41,070~INFO~Dumped standard scaler pickle file!
2022-07-09 17:56:59,994~INFO~85 files were successfully validated!
2022-07-09 17:56:59,994~INFO~20 files failed validation tests and will not proceed further!
2022-07-09 17:57:00,417~INFO~Created the master raw dataset!
2022-07-09 17:57:28,990~INFO~85 files were successfully validated!
2022-07-09 17:57:28,991~INFO~20 files failed validation tests and will not proceed further!
2022-07-09 17:57:29,390~INFO~Created the master raw dataset!
2022-07-09 17:58:26,045~INFO~85 files were successfully validated!
2022-07-09 17:58:26,045~INFO~20 files failed validation tests and will not proceed further!
2022-07-09 17:58:26,438~INFO~Created the master raw dataset!
2022-07-09 18:32:05,174~INFO~Removed irrelevant columns!
2022-07-09 18:32:05,183~INFO~Dumped label encoder pickle file!
2022-07-09 18:32:05,199~INFO~Dumped standard scaler pickle file!
2022-07-09 18:33:33,967~DEBUG~Removed irrelevant columns!
2022-07-09 18:33:33,976~DEBUG~Dumped label encoder pickle file!
2022-07-09 18:33:33,992~DEBUG~Dumped standard scaler pickle file!
2022-07-09 18:34:04,754~DEBUG~Removed irrelevant columns!
2022-07-09 18:34:04,759~DEBUG~Dumped label encoder pickle file!
2022-07-09 18:34:04,770~DEBUG~Dumped standard scaler pickle file!
2022-07-09 18:34:04,770~INFO~Pre-processing of raw data successful!!
2022-07-09 18:40:25,922~DEBUG~Removed irrelevant columns!
2022-07-09 18:40:25,927~DEBUG~Dumped label encoder pickle file!
2022-07-09 18:40:25,935~DEBUG~Dumped standard scaler pickle file!
2022-07-09 18:40:25,936~INFO~Pre-processing of raw data successful!!
2022-07-09 18:41:38,394~DEBUG~Removed irrelevant columns!
2022-07-09 18:41:38,399~DEBUG~Dumped label encoder pickle file!
2022-07-09 18:41:38,408~DEBUG~Dumped standard scaler pickle file!
2022-07-09 18:41:38,410~INFO~Pre-processing of raw data successful!!
2022-07-09 18:41:38,414~INFO~Train test split successful!
2022-07-09 18:41:38,701~INFO~Saved training and testing sets!
2022-07-09 18:41:53,348~DEBUG~Removed irrelevant columns!
2022-07-09 18:41:53,353~DEBUG~Dumped label encoder pickle file!
2022-07-09 18:41:53,361~DEBUG~Dumped standard scaler pickle file!
2022-07-09 18:41:53,361~INFO~Pre-processing of raw data successful!!
2022-07-09 18:41:53,631~INFO~Saved training and testing sets!
2022-07-09 18:44:57,532~INFO~85 files were successfully validated!
2022-07-09 18:44:57,533~INFO~20 files failed validation tests and will not proceed further!
2022-07-09 18:44:57,874~INFO~Created the master raw dataset!
2022-07-09 18:44:59,332~DEBUG~Removed irrelevant columns!
2022-07-09 18:44:59,339~DEBUG~Dumped label encoder pickle file!
2022-07-09 18:44:59,349~DEBUG~Dumped standard scaler pickle file!
2022-07-09 18:44:59,350~INFO~Pre-processing of raw data successful!!
2022-07-09 18:44:59,597~INFO~Saved training and testing sets!
2022-07-09 18:50:28,291~DEBUG~Removed irrelevant columns!
2022-07-09 18:50:28,298~DEBUG~Dumped label encoder pickle file!
2022-07-09 18:50:28,305~DEBUG~Dumped standard scaler pickle file!
2022-07-09 18:50:28,305~INFO~Pre-processing of raw data successful!!
2022-07-09 18:50:28,580~INFO~Saved training and testing sets!
2022-07-09 18:55:36,988~DEBUG~Removed irrelevant columns!
2022-07-09 18:55:36,994~DEBUG~Dumped label encoder pickle file!
2022-07-09 18:55:37,003~DEBUG~Dumped standard scaler pickle file!
2022-07-09 18:55:37,005~INFO~Pre-processing of raw data successful!!
2022-07-09 18:55:37,314~INFO~Saved training and testing sets!
2022-07-09 18:58:34,671~DEBUG~Removed irrelevant columns!
2022-07-09 18:58:34,680~DEBUG~Dumped label encoder pickle file!
2022-07-09 18:58:34,693~DEBUG~Dumped standard scaler pickle file!
2022-07-09 18:58:34,694~INFO~Pre-processing of raw data successful!!
2022-07-09 18:58:34,956~INFO~Saved training and testing sets!
2022-07-09 19:01:29,092~DEBUG~Removed irrelevant columns!
2022-07-09 19:01:29,099~DEBUG~Dumped label encoder pickle file!
2022-07-09 19:01:29,110~DEBUG~Dumped standard scaler pickle file!
2022-07-09 19:01:29,111~INFO~Pre-processing of raw data successful!!
2022-07-09 19:01:29,328~INFO~Saved training and testing sets!
2022-07-09 19:48:18,629~INFO~Fitting the Random Forest Classifier model......
2022-07-09 19:48:24,382~INFO~Model fit successful!
2022-07-09 19:50:19,229~INFO~Fitting the Random Forest Classifier model......
2022-07-09 19:50:24,957~INFO~Model fit successful!
2022-07-09 19:50:25,273~INFO~Accuracy: 80.42%
2022-07-09 19:50:25,275~INFO~Saved Scores and Parameters json files.
2022-07-09 20:03:29,145~INFO~Fitting the Random Forest Classifier model......
2022-07-09 20:03:34,669~INFO~Model fit successful!
2022-07-09 20:03:34,974~INFO~Accuracy: 80.42%
2022-07-09 20:03:34,975~INFO~Saved Scores and Parameters in respective json files.
2022-07-09 20:04:36,930~INFO~Fitting the Random Forest Classifier model......
2022-07-09 20:04:42,352~INFO~Model fit successful!
2022-07-09 20:04:42,636~INFO~Accuracy: 80.42%
2022-07-09 20:04:42,637~INFO~Saved Scores and Parameters in respective json files.
2022-07-09 22:20:58,509~INFO~85 files were successfully validated!
2022-07-09 22:20:58,509~INFO~20 files failed validation tests and will not proceed further!
2022-07-09 22:20:58,836~INFO~Created the master raw dataset!
2022-07-09 22:21:00,306~DEBUG~Removed irrelevant columns!
2022-07-09 22:21:00,312~DEBUG~Dumped label encoder pickle file!
2022-07-09 22:21:00,321~DEBUG~Dumped standard scaler pickle file!
2022-07-09 22:21:00,322~INFO~Pre-processing of raw data successful!!
2022-07-09 22:21:00,703~INFO~Saved training and testing sets!
2022-07-09 22:22:36,034~INFO~85 files were successfully validated!
2022-07-09 22:22:36,035~INFO~20 files failed validation tests and will not proceed further!
2022-07-09 22:22:36,360~INFO~Created the master raw dataset!
2022-07-09 22:22:37,855~DEBUG~Removed irrelevant columns!
2022-07-09 22:22:37,872~DEBUG~Dumped label encoder pickle file!
2022-07-09 22:22:37,881~DEBUG~Dumped standard scaler pickle file!
2022-07-09 22:22:37,882~INFO~Pre-processing of raw data successful!!
2022-07-09 22:22:38,194~INFO~Saved training and testing sets!
2022-07-09 22:25:43,487~INFO~85 files were successfully validated!
2022-07-09 22:25:43,487~INFO~20 files failed validation tests and will not proceed further!
2022-07-09 22:25:56,865~INFO~85 files were successfully validated!
2022-07-09 22:25:56,865~INFO~20 files failed validation tests and will not proceed further!
2022-07-09 22:27:22,680~INFO~85 files were successfully validated!
2022-07-09 22:27:22,681~INFO~20 files failed validation tests and will not proceed further!
2022-07-09 22:27:23,073~INFO~Created the master raw dataset!
2022-07-09 22:28:07,346~INFO~85 files were successfully validated!
2022-07-09 22:28:07,346~INFO~20 files failed validation tests and will not proceed further!
2022-07-09 22:28:07,738~INFO~Created the master raw dataset!
2022-07-09 22:29:48,721~INFO~85 files were successfully validated!
2022-07-09 22:29:48,722~INFO~20 files failed validation tests and will not proceed further!
2022-07-09 22:29:49,092~INFO~Created the master raw dataset!
2022-07-09 22:34:03,692~INFO~85 files were successfully validated!
2022-07-09 22:34:03,692~INFO~20 files failed validation tests and will not proceed further!
2022-07-09 22:34:04,037~INFO~Created the master raw dataset!
2022-07-09 22:36:07,077~DEBUG~Removed irrelevant columns!
2022-07-09 22:36:07,083~DEBUG~Dumped label encoder pickle file!
2022-07-09 22:36:07,091~DEBUG~Dumped standard scaler pickle file!
2022-07-09 22:36:07,091~INFO~Pre-processing of raw data successful!!
2022-07-09 22:36:07,358~INFO~Saved training and testing sets!
2022-07-09 22:36:09,392~INFO~Fitting the Random Forest Classifier model......
2022-07-09 22:36:14,924~INFO~Model fit successful!
2022-07-09 22:36:15,203~INFO~Accuracy: 80.42%
2022-07-09 22:36:15,204~INFO~Saved Scores and Parameters in respective json files.
2022-07-09 23:48:17,834~INFO~Prediction Fetched!
2022-07-09 23:48:59,481~INFO~Prediction Fetched!
2022-07-09 23:49:31,326~INFO~Prediction Fetched!
2022-07-09 23:49:36,952~INFO~Prediction Fetched!
2022-07-09 23:49:58,853~CRITICAL~Some Error occurred while fetching prediction.
2022-07-09 23:50:07,202~INFO~Prediction Fetched!
2022-07-10 00:18:53,373~INFO~Prediction Fetched!
2022-07-10 00:19:12,964~CRITICAL~Error occurred while fetching prediction.
could not convert string to float: 'rew'
2022-07-10 00:19:21,947~CRITICAL~Error occurred while fetching prediction.
could not convert string to float: 'rwerwe'
2022-07-10 00:19:27,862~INFO~Prediction Fetched!
2022-07-10 00:19:35,040~CRITICAL~Error occurred while fetching prediction.
could not convert string to float: 
2022-07-10 00:20:01,061~INFO~Prediction Fetched!
2022-07-10 00:20:02,333~CRITICAL~Error occurred while fetching prediction.
could not convert string to float: 
2022-07-10 00:20:11,099~INFO~Prediction Fetched!
2022-07-10 00:25:44,378~INFO~Prediction Fetched!
2022-07-10 00:25:46,986~CRITICAL~Error occurred while fetching prediction.
could not convert string to float: 
2022-07-10 00:26:29,560~INFO~Prediction Fetched!
2022-07-10 00:49:23,182~INFO~Prediction Fetched!
2022-07-10 00:53:53,461~INFO~Fitting the Random Forest Classifier model......
2022-07-10 00:53:55,157~INFO~Model fit successful!
2022-07-10 00:53:55,233~INFO~Accuracy: 79.98%
2022-07-10 00:53:55,234~INFO~Saved Scores and Parameters in respective json files.
2022-07-10 00:54:20,497~INFO~Fitting the Random Forest Classifier model......
2022-07-10 00:54:22,973~INFO~Model fit successful!
2022-07-10 00:54:23,079~INFO~Accuracy: 80.13%
2022-07-10 00:54:23,080~INFO~Saved Scores and Parameters in respective json files.
2022-07-10 01:02:48,393~INFO~85 files were successfully validated!
2022-07-10 01:02:48,393~INFO~20 files failed validation tests and will not proceed further!
2022-07-10 01:02:48,721~INFO~Created the master raw dataset!
2022-07-10 01:02:50,327~DEBUG~Removed irrelevant columns!
2022-07-10 01:02:50,336~DEBUG~Dumped label encoder pickle file!
2022-07-10 01:02:50,353~DEBUG~Dumped standard scaler pickle file!
2022-07-10 01:02:50,353~INFO~Pre-processing of raw data successful!!
2022-07-10 01:02:50,794~INFO~Saved training and testing sets!
2022-07-10 01:02:52,605~INFO~Fitting the Random Forest Classifier model......
2022-07-10 01:02:55,129~INFO~Model fit successful!
2022-07-10 01:02:55,235~INFO~Accuracy: 80.13%
2022-07-10 01:02:55,236~INFO~Saved Scores and Parameters in respective json files.
2022-07-10 16:58:03,894~INFO~Fitting the Random Forest Classifier model......
2022-07-10 16:58:06,608~INFO~Model fit successful!
2022-07-10 16:58:06,726~INFO~Accuracy: 80.13%
2022-07-10 16:58:06,727~INFO~Saved Scores and Parameters in respective json files.
2022-07-10 16:59:14,532~INFO~Fitting the Random Forest Classifier model......
2022-07-10 16:59:17,259~INFO~Model fit successful!
2022-07-10 16:59:17,363~INFO~Accuracy: 80.13%
2022-07-10 16:59:17,365~INFO~Saved Scores and Parameters in respective json files.
2022-07-10 17:00:37,629~INFO~Fitting the Random Forest Classifier model......
2022-07-10 17:00:40,268~INFO~Model fit successful!
2022-07-10 17:00:40,382~INFO~Accuracy: 80.13%
2022-07-10 17:00:40,383~INFO~Saved Scores and Parameters in respective json files.
2022-07-10 18:11:35,927~INFO~Fitting the Random Forest Classifier model......
2022-07-10 18:11:38,582~INFO~Model fit successful!
2022-07-10 18:11:38,691~INFO~Accuracy: 80.13%
2022-07-10 19:33:50,211~INFO~85 files were successfully validated!
2022-07-10 19:33:50,212~INFO~20 files failed validation tests and will not proceed further!
2022-07-10 19:33:50,566~INFO~Created the master raw dataset!
2022-07-10 19:33:52,623~DEBUG~Removed irrelevant columns!
2022-07-10 19:33:52,637~DEBUG~Dumped label encoder pickle file!
2022-07-10 19:33:52,676~DEBUG~Dumped standard scaler pickle file!
2022-07-10 19:33:52,676~INFO~Pre-processing of raw data successful!!
2022-07-10 19:33:53,259~INFO~Saved training and testing sets!
2022-07-10 19:33:56,298~INFO~Fitting the Random Forest Classifier model......
2022-07-10 19:33:57,898~INFO~Model fit successful!
2022-07-10 19:33:57,989~INFO~Accuracy: 80.13%
2022-07-10 19:34:51,542~INFO~85 files were successfully validated!
2022-07-10 19:34:51,542~INFO~20 files failed validation tests and will not proceed further!
2022-07-10 19:34:51,882~INFO~Created the master raw dataset!
2022-07-10 19:34:53,859~DEBUG~Removed irrelevant columns!
2022-07-10 19:34:53,868~DEBUG~Dumped label encoder pickle file!
2022-07-10 19:34:53,885~DEBUG~Dumped standard scaler pickle file!
2022-07-10 19:34:53,886~INFO~Pre-processing of raw data successful!!
2022-07-10 19:34:54,315~INFO~Saved training and testing sets!
2022-07-10 19:34:57,238~INFO~Fitting the Random Forest Classifier model......
2022-07-10 19:34:57,671~INFO~Model fit successful!
2022-07-10 19:34:57,697~INFO~Accuracy: 79.64%
2022-07-11 18:59:26,976~INFO~85 files were successfully validated!
2022-07-11 18:59:26,978~INFO~20 files failed validation tests and will not proceed further!
2022-07-11 18:59:27,319~INFO~Created the master raw dataset!
2022-07-11 18:59:28,809~DEBUG~Removed irrelevant columns!
2022-07-11 18:59:28,817~DEBUG~Dumped label encoder pickle file!
2022-07-11 18:59:28,830~DEBUG~Dumped standard scaler pickle file!
2022-07-11 18:59:28,831~INFO~Pre-processing of raw data successful!!
2022-07-11 18:59:29,215~INFO~Saved training and testing sets!
2022-07-11 19:03:13,739~INFO~Fitting the Random Forest Classifier model......
2022-07-11 19:03:14,172~INFO~Model fit successful!
2022-07-11 19:03:14,198~INFO~Accuracy: 79.64%
2022-07-11 19:05:48,063~INFO~Fitting the Random Forest Classifier model......
2022-07-11 19:05:48,519~INFO~Model fit successful!
2022-07-11 19:05:48,544~INFO~Accuracy: 79.64%
2022-07-11 19:18:51,859~INFO~85 files were successfully validated!
2022-07-11 19:18:51,860~INFO~20 files failed validation tests and will not proceed further!
2022-07-11 19:18:52,213~INFO~Created the master raw dataset!
2022-07-11 19:18:53,820~DEBUG~Removed irrelevant columns!
2022-07-11 19:18:53,832~DEBUG~Dumped label encoder pickle file!
2022-07-11 19:18:53,851~DEBUG~Dumped standard scaler pickle file!
2022-07-11 19:18:53,854~INFO~Pre-processing of raw data successful!!
2022-07-11 19:18:54,266~INFO~Saved training and testing sets!
2022-07-11 19:18:57,012~INFO~Fitting the Random Forest Classifier model......
2022-07-11 19:19:08,017~INFO~Model fit successful!
2022-07-11 19:19:08,585~INFO~Accuracy: 80.58%
2022-07-11 19:21:42,895~INFO~85 files were successfully validated!
2022-07-11 19:21:42,895~INFO~20 files failed validation tests and will not proceed further!
2022-07-11 19:21:43,213~INFO~Created the master raw dataset!
2022-07-11 19:21:44,835~DEBUG~Removed irrelevant columns!
2022-07-11 19:21:44,872~DEBUG~Dumped label encoder pickle file!
2022-07-11 19:21:44,882~DEBUG~Dumped standard scaler pickle file!
2022-07-11 19:21:44,899~INFO~Pre-processing of raw data successful!!
2022-07-11 19:21:45,310~INFO~Saved training and testing sets!
2022-07-11 19:21:48,008~INFO~Fitting the Random Forest Classifier model......
2022-07-11 19:21:48,074~INFO~Model fit successful!
2022-07-11 19:21:48,079~INFO~Accuracy: 71.25%
2022-07-11 19:28:29,264~INFO~Fitting the Random Forest Classifier model......
2022-07-11 19:28:29,328~INFO~Model fit successful!
2022-07-11 19:28:29,333~INFO~Accuracy: 71.25%
2022-07-11 19:30:40,752~INFO~Fitting the Random Forest Classifier model......
2022-07-11 19:30:40,818~INFO~Model fit successful!
2022-07-11 19:30:40,824~INFO~Accuracy: 71.25%
2022-07-11 19:31:51,658~INFO~Fitting the Random Forest Classifier model......
2022-07-11 19:31:51,727~INFO~Model fit successful!
2022-07-11 19:31:51,735~INFO~Accuracy: 71.25%
2022-07-11 19:34:11,222~INFO~Fitting the Random Forest Classifier model......
2022-07-11 19:34:11,303~INFO~Model fit successful!
2022-07-11 19:34:11,317~INFO~Accuracy: 71.25%
2022-07-11 19:38:10,650~INFO~Fitting the Random Forest Classifier model......
2022-07-11 19:38:10,719~INFO~Model fit successful!
2022-07-11 19:38:10,728~INFO~Accuracy: 71.25%
2022-07-11 19:39:36,810~INFO~Fitting the Random Forest Classifier model......
2022-07-11 19:39:36,894~INFO~Model fit successful!
2022-07-11 19:39:36,901~INFO~Accuracy: 71.25%
2022-07-11 19:41:49,896~INFO~Fitting the Random Forest Classifier model......
2022-07-11 19:41:49,970~INFO~Model fit successful!
2022-07-11 19:41:49,979~INFO~Accuracy: 71.25%
2022-07-11 19:52:33,719~INFO~Fitting the Random Forest Classifier model......
2022-07-11 19:52:33,792~INFO~Model fit successful!
2022-07-11 19:52:33,802~INFO~Accuracy: 71.25%
2022-07-11 19:53:12,350~INFO~Model is in staging.
2022-07-11 19:54:09,746~INFO~Model is in staging.
2022-07-11 19:54:23,646~INFO~Model is in staging.
2022-07-11 19:54:36,519~INFO~Fitting the Random Forest Classifier model......
2022-07-11 19:54:36,608~INFO~Model fit successful!
2022-07-11 19:54:36,613~INFO~Accuracy: 71.25%
2022-07-11 19:54:39,474~INFO~Model is in staging.
2022-07-11 19:54:39,496~INFO~Model is in staging.
2022-07-11 19:54:39,520~INFO~Model is in staging.
2022-07-11 19:54:39,547~INFO~Model is in staging.
2022-07-11 19:54:39,578~INFO~Model is in staging.
2022-07-11 19:54:39,605~INFO~Best metrics achieved, transfering model to production!!
2022-07-11 19:54:39,631~INFO~Model is in staging.
2022-07-11 19:54:39,654~INFO~Model is in staging.
2022-07-11 19:54:39,676~INFO~Model is in staging.
2022-07-11 19:54:39,697~INFO~Model is in staging.
2022-07-11 19:54:39,720~INFO~Model is in staging.
2022-07-11 19:54:39,743~INFO~Model is in staging.
2022-07-11 19:54:39,767~INFO~Model is in staging.
2022-07-11 19:54:39,792~INFO~Model is in staging.
2022-07-11 19:54:39,822~INFO~Model is in staging.
2022-07-11 19:54:39,846~INFO~Model is in staging.
2022-07-11 19:54:41,124~INFO~Best model dumped for production!
2022-07-11 20:00:00,783~INFO~85 files were successfully validated!
2022-07-11 20:00:00,783~INFO~20 files failed validation tests and will not proceed further!
2022-07-11 20:00:01,136~INFO~Created the master raw dataset!
2022-07-11 20:00:02,629~DEBUG~Removed irrelevant columns!
2022-07-11 20:00:02,639~DEBUG~Dumped label encoder pickle file!
2022-07-11 20:00:02,699~DEBUG~Dumped standard scaler pickle file!
2022-07-11 20:00:02,701~INFO~Pre-processing of raw data successful!!
2022-07-11 20:00:03,042~INFO~Saved training and testing sets!
2022-07-11 20:00:05,724~INFO~Fitting the Random Forest Classifier model......
2022-07-11 20:00:05,765~INFO~Model fit successful!
2022-07-11 20:00:05,771~INFO~Accuracy: 72.39%
2022-07-11 20:00:09,432~INFO~Searched and dumped the best model for production!
2022-07-11 20:01:16,314~INFO~85 files were successfully validated!
2022-07-11 20:01:16,315~INFO~20 files failed validation tests and will not proceed further!
2022-07-11 20:01:16,667~INFO~Created the master raw dataset!
2022-07-11 20:01:18,223~DEBUG~Removed irrelevant columns!
2022-07-11 20:01:18,233~DEBUG~Dumped label encoder pickle file!
2022-07-11 20:01:18,248~DEBUG~Dumped standard scaler pickle file!
2022-07-11 20:01:18,249~INFO~Pre-processing of raw data successful!!
2022-07-11 20:01:18,710~INFO~Saved training and testing sets!
2022-07-11 20:01:21,733~INFO~Fitting the Random Forest Classifier model......
2022-07-11 20:01:49,670~INFO~Model fit successful!
2022-07-11 20:01:51,141~INFO~Accuracy: 80.62%
2022-07-11 20:02:02,710~INFO~Searched and dumped the best model for production!
2022-07-11 20:15:39,132~INFO~85 files were successfully validated!
2022-07-11 20:15:39,133~INFO~20 files failed validation tests and will not proceed further!
2022-07-11 20:15:39,452~INFO~Created the master raw dataset!
2022-07-11 20:15:41,247~DEBUG~Removed irrelevant columns!
2022-07-11 20:15:41,260~DEBUG~Dumped label encoder pickle file!
2022-07-11 20:15:41,275~DEBUG~Dumped standard scaler pickle file!
2022-07-11 20:15:41,290~INFO~Pre-processing of raw data successful!!
2022-07-11 20:15:41,722~INFO~Saved training and testing sets!
2022-07-11 20:15:44,682~INFO~Fitting the Random Forest Classifier model......
2022-07-11 20:15:46,033~INFO~Model fit successful!
2022-07-11 20:15:46,106~INFO~Accuracy: 80.02%
2022-07-11 20:15:48,955~INFO~Searched and dumped the best model for production!
2022-07-11 20:26:18,095~INFO~Prediction Fetched!
2022-07-12 00:14:24,324~INFO~Fitting the Random Forest Classifier model......
2022-07-12 00:14:25,809~INFO~Model fit successful!
2022-07-12 00:14:25,886~INFO~Accuracy: 80.02%
2022-07-12 00:14:29,073~INFO~Searched and dumped the best model for production!
2022-07-12 00:14:50,012~INFO~85 files were successfully validated!
2022-07-12 00:14:50,012~INFO~20 files failed validation tests and will not proceed further!
2022-07-12 00:14:50,373~INFO~Created the master raw dataset!
2022-07-12 00:14:52,001~DEBUG~Removed irrelevant columns!
2022-07-12 00:14:52,009~DEBUG~Dumped label encoder pickle file!
2022-07-12 00:14:52,023~DEBUG~Dumped standard scaler pickle file!
2022-07-12 00:14:52,023~INFO~Pre-processing of raw data successful!!
2022-07-12 00:14:52,325~INFO~Saved training and testing sets!
2022-07-12 00:14:55,038~INFO~Fitting the Random Forest Classifier model......
2022-07-12 00:14:56,432~INFO~Model fit successful!
2022-07-12 00:14:56,508~INFO~Accuracy: 79.99%
2022-07-12 00:14:59,566~INFO~Searched and dumped the best model for production!
2022-07-12 02:16:49,793~DEBUG~Removed irrelevant columns!
2022-07-12 02:17:25,143~DEBUG~Removed irrelevant columns!
2022-07-12 02:17:25,165~DEBUG~Dumped label encoder pickle file!
2022-07-12 02:17:25,172~DEBUG~Dumped standard scaler pickle file!
2022-07-12 02:17:25,172~INFO~Pre-processing of raw data successful!!
2022-07-12 02:17:25,173~INFO~Features schema saved!
2022-07-12 02:17:25,404~INFO~Saved training and testing sets!
2022-07-12 02:29:59,925~INFO~Prediction Fetched!
2022-07-12 02:30:16,510~INFO~Prediction Fetched!
2022-07-12 02:56:05,772~INFO~Prediction Fetched!
2022-07-12 02:56:23,879~CRITICAL~Error occurred while fetching prediction.
Entered values not in expected range
2022-07-12 03:40:31,412~INFO~85 files were successfully validated!
2022-07-12 03:40:31,412~INFO~20 files failed validation tests and will not proceed further!
2022-07-12 03:40:31,696~INFO~Created the master raw dataset!
2022-07-12 03:40:33,141~DEBUG~Removed irrelevant columns!
2022-07-12 03:40:33,181~DEBUG~Dumped label encoder pickle file!
2022-07-12 03:40:33,195~DEBUG~Dumped standard scaler pickle file!
2022-07-12 03:40:33,196~INFO~Pre-processing of raw data successful!!
2022-07-12 03:40:33,198~INFO~Features schema saved!
2022-07-12 03:40:33,547~INFO~Saved training and testing sets!
2022-07-12 03:41:16,221~INFO~Fitting the Random Forest Classifier model......
2022-07-12 03:41:17,480~INFO~Model fit successful!
2022-07-12 03:41:17,553~INFO~Accuracy: 79.99%
2022-07-12 03:41:20,007~INFO~Searched and dumped the best model for production!
